[31mX [41;31m[[41;97mERROR[41;31m][0m [1mTS2339: Property 'eloDelta' does not exist on type 'PlayerStatsComponent'.[0m [1m[35m[plugin angular-compiler][0m

    src/app/player-stats/player-stats.component.html:62:66:
[37m      62 │ ...<div class="elo-summary-item" [class.elo-negative]="[32meloDelta[37m < 0">
         ╵                                                        [32m~~~~~~~~[0m

  Error occurs in the template of component PlayerStatsComponent.

    src/app/player-stats/player-stats.component.ts:41:17:
[37m      41 │     templateUrl: [32m'./player-stats.component.html'[37m,
         ╵                  [32m~~~~~~~~~~~~~~~~~~~~~~~~~~~~~~~[0m


[31mX [41;31m[[41;97mERROR[41;31m][0m [1mTS2339: Property 'eloDelta' does not exist on type 'PlayerStatsComponent'.[0m [1m[35m[plugin angular-compiler][0m

    src/app/player-stats/player-stats.component.html:64:27:
[37m      64 │                 <strong>{{ [32meloDelta[37m > 0 ? "+" : "" }}{{ eloDelta }...
         ╵                            [32m~~~~~~~~[0m

  Error occurs in the template of component PlayerStatsComponent.

    src/app/player-stats/player-stats.component.ts:41:17:
[37m      41 │     templateUrl: [32m'./player-stats.component.html'[37m,
         ╵                  [32m~~~~~~~~~~~~~~~~~~~~~~~~~~~~~~~[0m


[31mX [41;31m[[41;97mERROR[41;31m][0m [1mTS2339: Property 'eloDelta' does not exist on type 'PlayerStatsComponent'.[0m [1m[35m[plugin angular-compiler][0m

    src/app/player-stats/player-stats.component.html:64:56:
[37m      64 │ ...      <strong>{{ eloDelta > 0 ? "+" : "" }}{{ [32meloDelta[37m }}</strong>
         ╵                                                  [32m~~~~~~~~[0m

  Error occurs in the template of component PlayerStatsComponent.

    src/app/player-stats/player-stats.component.ts:41:17:
[37m      41 │     templateUrl: [32m'./player-stats.component.html'[37m,
         ╵                  [32m~~~~~~~~~~~~~~~~~~~~~~~~~~~~~~~[0m


[31mX [41;31m[[41;97mERROR[41;31m][0m [1mTS2339: Property 'eloDelta' does not exist on type 'PlayerStatsComponent'.[0m [1m[35m[plugin angular-compiler][0m

    src/app/player-stats/player-stats.component.html:62:66:
[37m      62 │ ...<div class="elo-summary-item" [class.elo-negative]="[32meloDelta[37m < 0">
         ╵                                                        [32m~~~~~~~~[0m

  Error occurs in the template of component PlayerStatsComponent.

    src/app/player-stats/player-stats.component.ts:41:17:
[37m      41 │     templateUrl: [32m'./player-stats.component.html'[37m,
         ╵                  [32m~~~~~~~~~~~~~~~~~~~~~~~~~~~~~~~[0m


[31mX [41;31m[[41;97mERROR[41;31m][0m [1mTS2339: Property 'eloDelta' does not exist on type 'PlayerStatsComponent'.[0m [1m[35m[plugin angular-compiler][0m

    src/app/player-stats/player-stats.component.html:64:27:
[37m      64 │                 <strong>{{ [32meloDelta[37m > 0 ? "+" : "" }}{{ eloDelta }...
         ╵                            [32m~~~~~~~~[0m

  Error occurs in the template of component PlayerStatsComponent.

    src/app/player-stats/player-stats.component.ts:41:17:
[37m      41 │     templateUrl: [32m'./player-stats.component.html'[37m,
         ╵                  [32m~~~~~~~~~~~~~~~~~~~~~~~~~~~~~~~[0m


[31mX [41;31m[[41;97mERROR[41;31m][0m [1mTS2339: Property 'eloDelta' does not exist on type 'PlayerStatsComponent'.[0m [1m[35m[plugin angular-compiler][0m

    src/app/player-stats/player-stats.component.html:64:56:
[37m      64 │ ...      <strong>{{ eloDelta > 0 ? "+" : "" }}{{ [32meloDelta[37m }}</strong>
         ╵                                                  [32m~~~~~~~~[0m

  Error occurs in the template of component PlayerStatsComponent.

    src/app/player-stats/player-stats.component.ts:41:17:
[37m      41 │     templateUrl: [32m'./player-stats.component.html'[37m,
         ╵                  [32m~~~~~~~~~~~~~~~~~~~~~~~~~~~~~~~[0m


