
> hala-stats-fe@0.0.0 start
> ng serve --host 127.0.0.1 --port 4300

> Building...
√ Building...
Initial chunk files | Names                  |  Raw size
main.js             | main                   | 166.75 kB | 
styles.css          | styles                 |   7.75 kB | 
chunk-WZWVYHSK.js   | -                      |   3.16 kB | 
polyfills.js        | polyfills              |  95 bytes | 

                    | Initial total          | 177.75 kB

Lazy chunk files    | Names                  |  Raw size
chunk-GILWIXUM.js   | player-stats-component |  41.39 kB | 

Application bundle generation complete. [8.534 seconds] - 2026-07-23T15:37:56.728Z

Watch mode enabled. Watching for file changes...
NOTE: Raw file sizes do not reflect development server per-request transformations.
  [32m➜[39m  [1mLocal[22m:   [36mhttp://127.0.0.1:[1m4300[22m/[39m
[2m[32m  ➜[39m[22m[2m  press [22m[1mh + enter[22m[2m to show help[22m
> Changes detected. Rebuilding...
√ Changes detected. Rebuilding...
Initial chunk files | Names                  |  Raw size
main.js             | main                   | 166.75 kB | 

Lazy chunk files    | Names                  |  Raw size
chunk-MN55KAEN.js   | player-stats-component |  41.53 kB | 

Application bundle generation complete. [0.978 seconds] - 2026-07-23T15:38:54.862Z

Page reload sent to client(s).
